<?xml version="1.0" encoding="UTF-8"?>
<!-- Generated by org.testng.reporters.JUnitReportReporter -->
<testsuite skipped="0" hostname="Terrys-MacBook-Pro.local" name="com.api.cases.News" tests="1" failures="0" timestamp="2020-02-13T01:23:31 CST" time="0.871" errors="0">
  <testcase name="test01" time="0.871" classname="com.api.cases.News"/>
  <system-out/>
</testsuite> <!-- com.api.cases.News -->
